<?xml version="1.0"?>
<!DOCTYPE benchmark PUBLIC "+//IDN sosy-lab.org//DTD BenchExec benchmark 1.18//EN" "https://www.sosy-lab.org/benchexec/benchmark-1.18.dtd">
<benchmark tool="bench.dpllcs"
           displayName="DPLL in C#"
      	   timelimit="5000s"
           memlimit="1024MB"
           cpuCores="1"
           threads="1">

  <rundefinition name="standard">
  </rundefinition>

  <tasks name="uf100-430">
    <include>benchmarks/uf100-430/*.cnf</include>
  </tasks>

  <tasks name="uuf100-430">
    <include>benchmarks/uuf100-430/*.cnf</include>
  </tasks>

  <tasks name="uf150-645">
    <include>benchmarks/uf150-645/*.cnf</include>
  </tasks>

  <tasks name="uuf150-645">
    <include>benchmarks/uuf150-645/*.cnf</include>
  </tasks>

  <tasks name="uf175-753">
    <include>benchmarks/uf175-753/*.cnf</include>
  </tasks>

  <tasks name="uuf175-753">
    <include>benchmarks/uuf175-753/*.cnf</include>
  </tasks>

  <tasks name="uf200-860">
    <include>benchmarks/uf200-860/*.cnf</include>
  </tasks>

  <tasks name="uuf200-860">
    <include>benchmarks/uuf200-860/*.cnf</include>
  </tasks>

  <columns>
    <column title="Result">Result</column>
  </columns>

</benchmark>
